<?xml version="1.0" encoding="UTF-8" standalone="no"?>
<testsuite failures="1" name="cucumber.runtime.formatter.JUnitFormatter" skipped="0" tests="1" time="0.50369">
    <testcase classname="Register Form completing required fields" name="Validar que al completar los campos obligatorios me registra un usuario nuevo" time="0.50369">
        <failure message="The scenario has pending or undefined step(s)"><![CDATA[Given me arrojo los campos obligatorios en el mensaje de error..............passed
When Valido que los campos requeridos se muestren...........................passed
Then Completo los campos obligatorios.......................................passed
And Realizo clic en el boton de registro....................................pending
And Valido que el nombre registrado aparezca en el boton arriba superior derecha.skipped
]]></failure>
    </testcase>
</testsuite>
