<?xml version="1.0" encoding="UTF-8"?>
<testng-results skipped="0" failed="0" total="1" passed="1">
  <reporter-output>
  </reporter-output>
  <suite name="Default suite" duration-ms="86561" started-at="2021-02-01T17:58:32Z" finished-at="2021-02-01T17:59:59Z">
    <groups>
    </groups>
    <test name="Default test" duration-ms="86561" started-at="2021-02-01T17:58:32Z" finished-at="2021-02-01T17:59:59Z">
      <class name="com.TestCasesRunner.validSignInButtonRunner">
        <test-method status="PASS" signature="checkValidUser()[pri:0, instance:com.TestCasesRunner.validSignInButtonRunner@436a4e4b]" name="checkValidUser" duration-ms="86509" started-at="2021-02-01T14:58:32Z" finished-at="2021-02-01T14:59:59Z">
          <reporter-output>
          </reporter-output>
        </test-method> <!-- checkValidUser -->
      </class> <!-- com.TestCasesRunner.validSignInButtonRunner -->
    </test> <!-- Default test -->
  </suite> <!-- Default suite -->
</testng-results>
